Traceback (most recent call last):
  File "/opt/hostedtoolcache/Python/3.10.9/x64/lib/python3.10/site-packages/jupyter_cache/executors/utils.py", line 51, in single_nb_execution
    executenb(
  File "/opt/hostedtoolcache/Python/3.10.9/x64/lib/python3.10/site-packages/nbclient/client.py", line 1204, in execute
    return NotebookClient(nb=nb, resources=resources, km=km, **kwargs).execute()
  File "/opt/hostedtoolcache/Python/3.10.9/x64/lib/python3.10/site-packages/nbclient/util.py", line 84, in wrapped
    return just_run(coro(*args, **kwargs))
  File "/opt/hostedtoolcache/Python/3.10.9/x64/lib/python3.10/site-packages/nbclient/util.py", line 62, in just_run
    return loop.run_until_complete(coro)
  File "/opt/hostedtoolcache/Python/3.10.9/x64/lib/python3.10/asyncio/base_events.py", line 649, in run_until_complete
    return future.result()
  File "/opt/hostedtoolcache/Python/3.10.9/x64/lib/python3.10/site-packages/nbclient/client.py", line 663, in async_execute
    await self.async_execute_cell(
  File "/opt/hostedtoolcache/Python/3.10.9/x64/lib/python3.10/site-packages/nbclient/client.py", line 965, in async_execute_cell
    await self._check_raise_for_error(cell, cell_index, exec_reply)
  File "/opt/hostedtoolcache/Python/3.10.9/x64/lib/python3.10/site-packages/nbclient/client.py", line 862, in _check_raise_for_error
    raise CellExecutionError.from_cell_and_msg(cell, exec_reply_content)
nbclient.exceptions.CellExecutionError: An error occurred while executing the following cell:
------------------
######################################
# Run First Cell for Initialization  #
#                                    #
#           SHIFT + ENTER            #
######################################

# Initialize notebook
%run -i ./code/01_michaelismenten/initialize
# Load functions in external python scripts
%load_ext autoreload
%autoreload 1
%aimport refresh
%aimport ode

display(Javascript("Jupyter.notebook.execute_cells([2,3,6,9,7])"))
------------------

[0;31m---------------------------------------------------------------------------[0m
[0;31mModuleNotFoundError[0m                       Traceback (most recent call last)
Cell [0;32mIn[1], line 12[0m
[1;32m     10[0m get_ipython()[38;5;241m.[39mrun_line_magic([38;5;124m'[39m[38;5;124mload_ext[39m[38;5;124m'[39m, [38;5;124m'[39m[38;5;124mautoreload[39m[38;5;124m'[39m)
[1;32m     11[0m get_ipython()[38;5;241m.[39mrun_line_magic([38;5;124m'[39m[38;5;124mautoreload[39m[38;5;124m'[39m, [38;5;124m'[39m[38;5;124m1[39m[38;5;124m'[39m)
[0;32m---> 12[0m [43mget_ipython[49m[43m([49m[43m)[49m[38;5;241;43m.[39;49m[43mrun_line_magic[49m[43m([49m[38;5;124;43m'[39;49m[38;5;124;43maimport[39;49m[38;5;124;43m'[39;49m[43m,[49m[43m [49m[38;5;124;43m'[39;49m[38;5;124;43mrefresh[39;49m[38;5;124;43m'[39;49m[43m)[49m
[1;32m     13[0m get_ipython()[38;5;241m.[39mrun_line_magic([38;5;124m'[39m[38;5;124maimport[39m[38;5;124m'[39m, [38;5;124m'[39m[38;5;124mode[39m[38;5;124m'[39m)
[1;32m     15[0m display(Javascript([38;5;124m"[39m[38;5;124mJupyter.notebook.execute_cells([2,3,6,9,7])[39m[38;5;124m"[39m))

File [0;32m/opt/hostedtoolcache/Python/3.10.9/x64/lib/python3.10/site-packages/IPython/core/interactiveshell.py:2364[0m, in [0;36mInteractiveShell.run_line_magic[0;34m(self, magic_name, line, _stack_depth)[0m
[1;32m   2362[0m     kwargs[[38;5;124m'[39m[38;5;124mlocal_ns[39m[38;5;124m'[39m] [38;5;241m=[39m [38;5;28mself[39m[38;5;241m.[39mget_local_scope(stack_depth)
[1;32m   2363[0m [38;5;28;01mwith[39;00m [38;5;28mself[39m[38;5;241m.[39mbuiltin_trap:
[0;32m-> 2364[0m     result [38;5;241m=[39m [43mfn[49m[43m([49m[38;5;241;43m*[39;49m[43margs[49m[43m,[49m[43m [49m[38;5;241;43m*[39;49m[38;5;241;43m*[39;49m[43mkwargs[49m[43m)[49m
[1;32m   2365[0m [38;5;28;01mreturn[39;00m result

File [0;32m/opt/hostedtoolcache/Python/3.10.9/x64/lib/python3.10/site-packages/IPython/extensions/autoreload.py:603[0m, in [0;36mAutoreloadMagics.aimport[0;34m(self, parameter_s, stream)[0m
[1;32m    601[0m [38;5;28;01melse[39;00m:
[1;32m    602[0m     [38;5;28;01mfor[39;00m _module [38;5;129;01min[39;00m [_[38;5;241m.[39mstrip() [38;5;28;01mfor[39;00m _ [38;5;129;01min[39;00m modname[38;5;241m.[39msplit([38;5;124m"[39m[38;5;124m,[39m[38;5;124m"[39m)]:
[0;32m--> 603[0m         top_module, top_name [38;5;241m=[39m [38;5;28;43mself[39;49m[38;5;241;43m.[39;49m[43m_reloader[49m[38;5;241;43m.[39;49m[43maimport_module[49m[43m([49m[43m_module[49m[43m)[49m
[1;32m    605[0m         [38;5;66;03m# Inject module to user namespace[39;00m
[1;32m    606[0m         [38;5;28mself[39m[38;5;241m.[39mshell[38;5;241m.[39mpush({top_name: top_module})

File [0;32m/opt/hostedtoolcache/Python/3.10.9/x64/lib/python3.10/site-packages/IPython/extensions/autoreload.py:191[0m, in [0;36mModuleReloader.aimport_module[0;34m(self, module_name)[0m
[1;32m    179[0m [38;5;124;03m"""Import a module, and mark it reloadable[39;00m
[1;32m    180[0m 
[1;32m    181[0m [38;5;124;03mReturns[39;00m
[0;32m   (...)[0m
[1;32m    187[0m 
[1;32m    188[0m [38;5;124;03m"""[39;00m
[1;32m    189[0m [38;5;28mself[39m[38;5;241m.[39mmark_module_reloadable(module_name)
[0;32m--> 191[0m [43mimport_module[49m[43m([49m[43mmodule_name[49m[43m)[49m
[1;32m    192[0m top_name [38;5;241m=[39m module_name[38;5;241m.[39msplit([38;5;124m"[39m[38;5;124m.[39m[38;5;124m"[39m)[[38;5;241m0[39m]
[1;32m    193[0m top_module [38;5;241m=[39m sys[38;5;241m.[39mmodules[top_name]

File [0;32m/opt/hostedtoolcache/Python/3.10.9/x64/lib/python3.10/importlib/__init__.py:126[0m, in [0;36mimport_module[0;34m(name, package)[0m
[1;32m    124[0m             [38;5;28;01mbreak[39;00m
[1;32m    125[0m         level [38;5;241m+[39m[38;5;241m=[39m [38;5;241m1[39m
[0;32m--> 126[0m [38;5;28;01mreturn[39;00m [43m_bootstrap[49m[38;5;241;43m.[39;49m[43m_gcd_import[49m[43m([49m[43mname[49m[43m[[49m[43mlevel[49m[43m:[49m[43m][49m[43m,[49m[43m [49m[43mpackage[49m[43m,[49m[43m [49m[43mlevel[49m[43m)[49m

File [0;32m<frozen importlib._bootstrap>:1050[0m, in [0;36m_gcd_import[0;34m(name, package, level)[0m

File [0;32m<frozen importlib._bootstrap>:1027[0m, in [0;36m_find_and_load[0;34m(name, import_)[0m

File [0;32m<frozen importlib._bootstrap>:1004[0m, in [0;36m_find_and_load_unlocked[0;34m(name, import_)[0m

[0;31mModuleNotFoundError[0m: No module named 'refresh'
ModuleNotFoundError: No module named 'refresh'

